SF:lib/src/view_model/view_model.dart
DA:87,7
DA:88,14
DA:91,28
DA:92,14
DA:112,6
DA:117,56
DA:118,28
DA:142,2
DA:144,2
DA:165,2
DA:166,2
DA:167,2
DA:198,10
DA:204,12
DA:205,6
DA:206,6
DA:219,16
DA:220,8
DA:221,8
DA:226,10
DA:227,2
DA:245,1
DA:246,2
DA:247,1
DA:248,2
DA:256,1
DA:257,2
DA:261,67
DA:267,62
DA:276,28
DA:283,3
DA:299,1
DA:311,2
DA:313,4
DA:322,1
DA:324,2
DA:348,2
DA:350,4
DA:369,29
DA:370,58
DA:371,22
DA:372,44
DA:385,10
DA:386,20
DA:388,10
DA:390,4
DA:392,1
DA:394,2
DA:422,13
DA:430,26
DA:431,13
DA:434,2
DA:437,2
DA:438,4
DA:448,28
DA:452,84
DA:453,56
DA:457,35
DA:461,35
DA:462,35
DA:463,70
DA:464,35
DA:468,34
DA:472,68
DA:473,34
DA:477,31
DA:481,62
DA:482,31
DA:486,34
DA:490,34
DA:491,68
DA:492,68
DA:493,68
DA:494,34
DA:495,68
DA:496,34
DA:500,34
DA:555,7
DA:556,14
DA:557,2
DA:558,4
DA:586,4
DA:590,16
DA:593,4
DA:594,4
DA:595,4
DA:596,4
DA:597,4
DA:600,8
DA:601,2
DA:602,4
DA:609,17
DA:610,17
DA:611,34
DA:615,82
DA:616,14
DA:617,21
DA:619,21
DA:621,4
DA:623,1
DA:625,2
DA:630,24
DA:632,10
DA:634,4
DA:636,1
DA:638,2
DA:649,1
DA:650,2
DA:653,1
DA:655,1
DA:656,1
DA:659,2
DA:686,15
DA:688,15
DA:689,3
DA:693,30
DA:695,1
DA:706,1
DA:708,2
DA:715,1
DA:716,2
DA:723,15
DA:724,30
DA:727,13
DA:733,26
DA:734,26
DA:735,26
DA:736,26
DA:737,13
DA:740,12
DA:742,12
DA:758,2
DA:759,4
DA:768,24
DA:769,25
DA:771,1
DA:773,2
DA:775,0
DA:777,2
DA:820,42
DA:833,4
DA:872,5
DA:879,8
DA:908,1
DA:916,1
DA:924,1
DA:931,1
LF:147
LH:146
end_of_record
SF:lib/src/devtool/service.dart
DA:44,56
DA:46,28
DA:68,28
DA:69,28
DA:70,28
DA:71,28
DA:79,1
DA:80,1
DA:81,1
DA:82,1
DA:94,28
DA:95,28
DA:96,28
DA:97,0
DA:99,0
DA:100,0
DA:101,0
DA:102,0
DA:104,0
DA:105,0
DA:113,28
DA:114,0
DA:116,0
DA:117,0
DA:119,0
DA:143,1
DA:144,1
DA:145,1
DA:147,2
DA:148,3
DA:149,1
DA:150,1
DA:151,1
DA:152,1
DA:153,1
DA:154,1
DA:155,2
DA:156,1
DA:157,2
DA:159,1
DA:161,1
DA:163,1
DA:185,1
DA:186,1
DA:187,1
DA:189,1
DA:191,3
DA:192,2
DA:193,2
DA:195,1
DA:201,1
DA:202,2
DA:203,3
DA:204,1
DA:205,1
DA:206,3
DA:209,1
DA:224,1
DA:225,2
DA:227,1
DA:228,3
DA:229,1
DA:230,1
DA:231,1
DA:232,1
DA:233,1
DA:234,1
DA:243,1
DA:244,1
DA:251,1
DA:252,1
DA:259,1
DA:260,1
LF:73
LH:62
end_of_record
SF:lib/src/log.dart
DA:42,28
DA:43,56
DA:44,33
LF:3
LH:3
end_of_record
SF:lib/src/devtool/tracker.dart
DA:43,84
DA:46,56
DA:48,28
DA:80,1
DA:81,1
DA:82,2
DA:83,2
DA:84,2
DA:106,1
DA:107,2
DA:108,3
DA:118,26
DA:119,27
DA:121,1
DA:123,2
DA:136,25
DA:138,25
DA:139,50
DA:141,75
DA:144,25
DA:145,35
DA:146,25
DA:150,100
DA:152,50
DA:154,25
DA:166,24
DA:168,24
DA:169,48
DA:172,96
DA:175,48
DA:177,72
DA:178,72
DA:182,48
DA:184,24
DA:196,22
DA:198,22
DA:199,44
DA:202,44
DA:204,22
DA:205,22
DA:206,44
DA:211,44
DA:213,44
DA:214,22
DA:215,66
DA:218,44
DA:219,22
DA:231,24
DA:233,24
DA:234,48
DA:237,48
DA:239,66
DA:241,22
DA:248,23
DA:249,2
DA:251,1
DA:252,1
DA:253,2
DA:259,48
DA:260,24
DA:277,26
DA:278,52
DA:279,26
DA:281,126
DA:283,66
DA:284,26
DA:294,1
DA:295,2
DA:296,2
DA:297,2
DA:298,1
DA:318,1
DA:319,2
DA:321,4
DA:323,4
DA:325,6
DA:326,1
DA:328,5
DA:329,1
DA:330,2
DA:332,1
DA:337,2
DA:386,25
DA:414,24
DA:424,24
DA:425,24
DA:426,24
DA:427,24
DA:428,24
DA:429,24
DA:430,0
DA:431,24
DA:432,24
DA:436,1
DA:438,4
DA:439,4
DA:466,1
DA:482,1
DA:483,2
DA:484,1
DA:486,2
DA:487,2
DA:488,2
DA:489,2
DA:490,2
DA:491,1
DA:509,1
DA:510,2
DA:512,4
DA:513,2
DA:514,1
DA:515,1
DA:569,1
DA:578,1
DA:582,1
DA:583,1
DA:584,1
DA:585,1
DA:586,1
DA:587,2
LF:120
LH:119
end_of_record
SF:lib/src/get_instance/store.dart
DA:21,4
DA:65,10
DA:68,20
DA:69,30
DA:70,15
DA:72,15
DA:75,7
DA:77,14
DA:81,8
DA:82,17
DA:83,8
DA:84,24
DA:85,24
DA:86,8
DA:89,28
DA:101,26
DA:102,23
DA:103,23
DA:104,23
DA:106,23
DA:107,92
DA:108,23
DA:110,2
DA:115,26
DA:138,26
DA:139,54
DA:140,52
DA:141,52
DA:145,90
DA:146,38
DA:147,34
DA:149,12
DA:154,26
DA:155,18
DA:159,52
DA:161,26
DA:162,66
DA:163,28
DA:164,14
DA:167,26
DA:170,26
DA:171,26
DA:173,52
DA:174,52
DA:175,26
DA:190,2
DA:194,6
DA:195,6
DA:196,0
DA:197,0
DA:199,2
DA:233,50
DA:238,40
DA:247,26
DA:253,52
DA:263,26
DA:264,52
DA:265,50
DA:266,50
DA:267,75
DA:279,22
DA:280,44
DA:282,44
DA:283,66
DA:286,44
DA:287,22
DA:299,46
DA:306,23
DA:307,46
DA:308,23
DA:309,23
DA:310,23
DA:313,8
DA:314,32
DA:315,16
DA:316,35
DA:319,16
DA:320,8
DA:333,2
DA:336,2
DA:337,8
DA:338,4
DA:339,2
DA:340,2
DA:341,2
DA:344,0
DA:346,0
DA:357,26
DA:358,52
DA:359,52
DA:361,52
DA:369,23
DA:370,46
DA:372,69
DA:374,8
DA:383,23
DA:384,23
DA:385,23
DA:497,28
DA:504,1
DA:507,1
DA:508,3
DA:509,3
DA:510,3
DA:511,3
DA:512,3
DA:514,1
DA:516,11
DA:518,2
DA:520,8
DA:521,2
DA:535,26
DA:541,26
DA:542,23
DA:543,26
DA:545,26
DA:547,26
DA:551,1
DA:552,1
DA:553,1
DA:554,1
DA:555,1
DA:556,1
DA:560,1
DA:561,1
DA:562,1
DA:563,1
DA:564,1
DA:565,1
LF:129
LH:125
end_of_record
SF:lib/src/get_instance/auto_dispose.dart
DA:48,2
DA:71,23
DA:101,23
DA:104,23
DA:105,1
DA:107,0
DA:108,23
DA:109,46
DA:110,46
DA:113,46
DA:116,46
DA:117,46
DA:118,21
DA:119,21
DA:120,21
DA:122,21
DA:124,1
DA:125,2
DA:129,46
DA:130,23
DA:132,23
DA:135,2
DA:136,4
DA:137,2
DA:138,4
DA:140,4
DA:141,2
DA:142,0
DA:143,0
DA:144,0
DA:146,0
DA:148,0
DA:149,0
DA:153,2
DA:154,1
DA:157,6
DA:159,4
DA:168,2
DA:169,4
DA:170,4
DA:171,4
DA:190,7
DA:191,21
DA:192,14
DA:193,7
DA:205,2
DA:206,3
DA:207,2
DA:208,3
DA:230,21
DA:231,41
DA:232,60
DA:233,80
DA:235,60
DA:236,40
DA:237,60
DA:240,42
DA:241,42
LF:58
LH:51
end_of_record
SF:lib/src/view_model/vef.dart
DA:190,25
DA:191,75
DA:194,23
DA:200,22
DA:201,22
DA:203,48
DA:205,48
DA:206,24
DA:232,16
DA:238,3
DA:244,3
DA:247,3
DA:248,2
DA:249,2
DA:250,6
DA:256,22
DA:257,22
DA:258,22
DA:259,22
DA:260,22
DA:261,22
DA:266,3
DA:277,25
DA:278,0
DA:280,50
DA:281,75
DA:302,6
DA:303,12
DA:304,6
DA:317,9
DA:321,18
DA:322,9
DA:328,5
DA:368,23
DA:371,23
DA:393,7
DA:397,7
DA:398,7
DA:432,11
DA:435,11
DA:456,5
DA:460,5
DA:461,5
DA:471,1
DA:472,2
DA:473,2
DA:474,1
DA:479,1
DA:480,2
DA:483,24
DA:490,24
DA:492,24
DA:493,4
DA:495,48
DA:496,1
DA:499,24
DA:501,8
DA:502,8
DA:503,8
DA:509,6
DA:517,23
DA:524,3
DA:525,3
DA:526,3
DA:544,23
DA:548,23
DA:549,0
DA:551,43
DA:552,23
DA:553,23
DA:554,23
DA:555,46
DA:556,23
DA:557,23
DA:560,23
DA:562,23
DA:564,69
DA:566,23
DA:570,23
DA:588,24
DA:589,72
DA:590,48
DA:591,87
DA:592,15
DA:594,30
DA:595,2
DA:596,2
DA:597,4
DA:601,15
DA:624,5
DA:629,5
DA:639,1
DA:641,2
DA:646,17
DA:648,1
DA:649,2
DA:652,18
DA:653,36
DA:656,1
DA:657,2
DA:660,21
DA:662,21
DA:663,42
DA:664,42
DA:665,42
DA:666,42
DA:667,21
DA:671,3
DA:676,15
DA:679,2
DA:684,4
DA:685,6
DA:688,2
DA:694,4
DA:695,2
DA:696,4
DA:699,3
DA:702,3
DA:711,1
DA:714,2
DA:717,1
DA:722,2
DA:725,1
DA:730,2
DA:733,1
DA:739,2
DA:746,1
DA:748,2
DA:751,1
DA:754,2
DA:757,1
DA:762,2
DA:768,1
DA:773,2
DA:779,2
DA:784,4
DA:790,2
DA:795,4
DA:803,1
DA:806,2
DA:809,1
DA:814,2
DA:817,1
DA:822,2
DA:825,1
DA:831,2
DA:838,1
DA:840,2
DA:843,1
DA:846,2
DA:849,1
DA:854,2
DA:860,1
DA:865,2
DA:871,1
DA:876,2
DA:882,1
DA:887,2
DA:895,1
DA:898,2
DA:901,1
DA:906,2
DA:909,1
DA:914,2
DA:917,1
DA:923,2
DA:930,1
DA:932,2
DA:935,1
DA:938,2
DA:941,1
DA:946,2
DA:952,1
DA:957,2
DA:963,1
DA:968,2
DA:974,1
DA:979,2
LF:178
LH:176
end_of_record
SF:lib/src/view_model/state_store.dart
DA:44,14
DA:45,18
DA:55,18
DA:59,34
DA:63,16
DA:64,16
DA:70,2
DA:71,2
DA:77,14
DA:78,28
DA:85,18
DA:86,36
DA:97,16
DA:98,32
DA:99,30
DA:100,15
DA:101,15
DA:114,16
DA:115,32
DA:116,6
DA:126,15
DA:127,30
DA:128,75
DA:139,16
DA:141,16
DA:200,1
DA:204,1
DA:207,1
DA:208,3
DA:209,3
DA:211,1
DA:212,2
DA:237,13
DA:239,3
DA:240,3
DA:241,9
DA:279,15
DA:281,1
DA:284,1
DA:285,3
DA:286,3
DA:287,3
DA:289,1
DA:290,5
DA:292,1
DA:294,2
DA:295,1
LF:47
LH:47
end_of_record
SF:lib/src/get_instance/manager.dart
DA:20,78
DA:38,26
DA:51,2
DA:55,4
DA:56,2
DA:63,52
DA:66,78
DA:80,26
DA:81,52
DA:82,26
DA:83,52
DA:99,12
DA:102,24
DA:105,1
DA:109,1
DA:136,26
DA:139,26
DA:140,1
DA:142,26
DA:143,20
DA:144,20
DA:146,20
DA:150,6
DA:155,4
DA:156,4
DA:158,8
DA:159,8
DA:161,8
DA:166,52
DA:172,3
DA:173,3
DA:174,0
DA:176,6
DA:221,26
DA:222,58
DA:234,1
DA:235,1
DA:236,1
DA:247,26
DA:262,24
DA:266,24
DA:267,24
DA:268,1
DA:272,1
DA:274,2
LF:45
LH:44
end_of_record
SF:lib/src/view_model/app_lifecycle_observer.dart
DA:25,36
DA:27,18
DA:28,36
DA:31,36
DA:32,18
DA:37,54
DA:40,3
DA:42,2
DA:44,4
DA:50,1
DA:51,2
DA:52,2
LF:12
LH:12
end_of_record
SF:lib/src/view_model/widget_mixin/stateful_extension.dart
DA:57,56
DA:58,28
DA:61,56
DA:62,28
DA:63,28
DA:64,56
DA:66,28
DA:68,28
DA:69,112
DA:70,56
DA:71,28
DA:72,52
DA:76,3
DA:78,28
DA:80,28
DA:81,56
DA:82,84
DA:83,84
DA:84,84
DA:87,28
DA:89,28
DA:90,56
DA:91,56
DA:92,56
DA:93,56
DA:96,16
DA:97,32
DA:98,32
DA:99,48
DA:101,32
DA:103,3
DA:104,4
DA:105,2
LF:33
LH:33
end_of_record
SF:lib/src/view_model/builder.dart
DA:17,1
DA:19,1
DA:21,1
DA:31,1
DA:33,7
DA:47,1
DA:54,1
DA:56,1
DA:62,1
DA:64,2
DA:65,2
DA:66,2
DA:69,1
DA:70,2
DA:72,4
DA:74,1
DA:77,3
LF:17
LH:17
end_of_record
SF:lib/src/view_model/config.dart
DA:109,31
LF:1
LH:1
end_of_record
SF:lib/src/view_model/pause_aware.dart
DA:27,21
DA:32,1
DA:33,42
DA:34,21
DA:40,3
DA:50,28
DA:56,21
DA:57,22
DA:58,1
DA:62,17
DA:63,34
DA:65,49
DA:66,15
DA:68,34
DA:71,17
DA:72,34
DA:73,34
DA:74,17
DA:77,2
DA:78,4
DA:79,4
DA:80,2
DA:81,4
DA:82,2
DA:87,15
DA:91,30
DA:92,15
DA:100,15
DA:102,60
DA:103,30
DA:104,3
DA:105,3
DA:110,3
DA:111,3
DA:112,6
DA:114,6
DA:119,20
DA:120,57
DA:121,17
DA:123,40
DA:124,20
DA:125,0
DA:127,40
LF:43
LH:42
end_of_record
SF:lib/src/view_model/pause_provider.dart
DA:17,15
DA:18,51
DA:20,45
DA:22,90
DA:25,45
DA:33,17
DA:34,69
DA:35,1
DA:36,0
DA:37,1
DA:38,2
DA:43,17
DA:44,34
DA:46,17
DA:48,17
DA:49,34
DA:50,17
DA:51,34
DA:63,14
DA:64,28
DA:65,14
DA:66,14
DA:67,28
DA:68,14
DA:71,14
DA:72,28
DA:75,14
DA:77,2
DA:81,14
DA:83,14
DA:84,42
DA:85,14
DA:96,14
DA:103,14
DA:104,28
DA:105,28
DA:106,28
DA:107,28
DA:111,14
DA:112,28
DA:113,14
DA:114,28
DA:117,14
DA:118,28
DA:120,14
DA:122,14
DA:123,28
DA:126,14
DA:131,0
DA:135,0
DA:138,1
DA:142,1
DA:145,1
DA:149,1
LF:54
LH:51
end_of_record
SF:lib/src/view_model/provider.dart
DA:15,17
DA:36,17
DA:37,17
DA:43,1
DA:44,1
DA:48,1
DA:49,1
DA:52,17
DA:54,17
DA:55,2
DA:58,17
DA:59,13
DA:61,12
DA:65,17
DA:67,17
DA:68,2
DA:70,17
DA:73,17
DA:75,17
DA:76,2
DA:78,34
DA:81,14
DA:83,14
DA:84,2
DA:86,14
DA:89,16
DA:91,16
DA:92,2
DA:94,16
DA:100,3
DA:111,3
DA:122,2
DA:131,2
DA:142,2
DA:152,2
DA:163,2
DA:173,2
DA:188,3
DA:224,1
DA:225,1
DA:229,1
DA:230,1
DA:235,3
DA:236,3
DA:237,3
DA:238,9
DA:239,6
DA:240,5
DA:242,5
DA:243,4
DA:249,2
DA:278,1
DA:279,1
DA:283,1
DA:284,1
DA:287,2
DA:288,2
DA:289,2
DA:290,6
DA:291,4
DA:292,4
DA:294,4
DA:295,2
DA:301,2
DA:330,1
DA:331,1
DA:335,1
DA:336,1
DA:339,2
DA:340,2
DA:341,2
DA:342,6
DA:343,4
DA:344,4
DA:346,4
DA:347,2
DA:353,2
DA:382,1
DA:383,1
DA:387,1
DA:388,1
DA:391,2
DA:392,2
DA:393,2
DA:394,6
DA:395,4
DA:396,4
DA:398,4
DA:399,2
LF:89
LH:89
end_of_record
SF:lib/src/view_model/util.dart
DA:10,0
DA:11,0
DA:27,23
DA:31,23
DA:32,23
DA:35,46
DA:42,23
DA:44,46
DA:45,23
DA:46,23
DA:47,23
DA:48,23
DA:49,23
DA:50,23
DA:51,23
DA:60,46
DA:61,23
DA:62,23
DA:65,46
DA:66,46
DA:69,0
DA:72,23
LF:22
LH:19
end_of_record
SF:lib/src/view_model/value_observer.dart
DA:22,1
DA:23,2
DA:29,1
DA:31,2
DA:38,1
DA:39,1
DA:40,3
DA:41,1
DA:42,1
DA:43,1
DA:44,1
DA:45,1
DA:46,1
DA:48,2
DA:57,1
DA:62,1
DA:64,2
DA:67,0
DA:69,0
DA:74,1
DA:85,1
DA:89,1
DA:91,1
DA:93,1
DA:102,1
DA:106,3
DA:107,1
DA:108,1
DA:109,3
DA:111,1
DA:126,1
DA:131,1
DA:133,1
DA:135,1
DA:145,1
DA:149,3
DA:150,1
DA:151,1
DA:152,3
DA:154,1
DA:155,1
DA:156,1
DA:157,3
DA:159,1
DA:175,1
DA:181,1
DA:183,1
DA:185,1
DA:195,1
DA:199,3
DA:200,1
DA:201,1
DA:202,3
DA:204,1
DA:205,1
DA:206,1
DA:207,3
DA:209,1
DA:210,1
DA:211,1
DA:212,3
DA:214,1
LF:62
LH:60
end_of_record
SF:lib/src/view_model/value_watcher.dart
DA:38,1
DA:43,1
DA:45,1
DA:47,1
DA:54,1
DA:56,1
DA:57,1
DA:60,1
DA:61,1
DA:62,2
DA:63,3
DA:65,2
DA:67,0
DA:68,0
DA:69,0
DA:75,1
DA:77,1
DA:78,1
DA:79,1
DA:82,1
DA:83,3
DA:84,2
DA:85,3
DA:87,1
DA:88,1
DA:95,1
DA:96,2
DA:97,1
DA:99,2
DA:102,1
DA:104,6
DA:107,1
DA:109,1
DA:110,1
DA:111,1
LF:35
LH:32
end_of_record
SF:lib/src/view_model/vef_zone.dart
DA:21,21
DA:22,42
DA:52,31
DA:63,22
DA:67,44
DA:68,44
DA:72,20
DA:76,40
DA:83,24
DA:84,48
DA:87,6
DA:88,20
DA:90,2
LF:13
LH:13
end_of_record
SF:lib/src/view_model/widget_mixin/stateless_extension.dart
DA:26,7
DA:27,7
DA:33,4
DA:35,7
DA:36,14
DA:42,7
DA:43,7
DA:45,1
DA:46,3
DA:54,10
DA:55,5
DA:58,10
DA:60,5
DA:63,5
DA:65,5
DA:66,10
DA:67,15
DA:70,3
DA:71,3
DA:72,3
DA:73,9
DA:75,3
DA:77,3
DA:78,1
DA:79,1
DA:86,5
DA:88,5
DA:89,10
DA:90,10
LF:29
LH:29
end_of_record
SF:lib/src/view_model/widget_mixin/vef.dart
DA:32,16
DA:36,10
DA:38,10
DA:39,20
LF:4
LH:4
end_of_record
