SF:lib/src/view_model/view_model.dart
DA:55,2
DA:57,2
DA:89,7
DA:90,14
DA:93,28
DA:94,14
DA:114,6
DA:119,52
DA:120,26
DA:144,2
DA:146,2
DA:167,2
DA:168,2
DA:169,2
DA:200,8
DA:206,8
DA:207,4
DA:208,4
DA:221,16
DA:222,8
DA:223,8
DA:228,8
DA:229,0
DA:247,1
DA:248,2
DA:249,1
DA:250,2
DA:258,1
DA:259,2
DA:263,65
DA:269,58
DA:278,24
DA:285,3
DA:301,0
DA:309,1
DA:310,2
DA:334,1
DA:336,2
DA:355,27
DA:356,54
DA:357,21
DA:358,42
DA:369,9
DA:370,18
DA:372,9
DA:374,2
DA:401,11
DA:409,22
DA:410,11
DA:413,1
DA:416,1
DA:417,2
DA:427,26
DA:431,78
DA:432,52
DA:436,31
DA:440,31
DA:441,31
DA:442,62
DA:443,31
DA:447,31
DA:451,62
DA:452,31
DA:456,29
DA:460,58
DA:461,29
DA:465,30
DA:469,30
DA:470,60
DA:471,60
DA:472,60
DA:473,30
DA:474,60
DA:475,30
DA:479,30
DA:534,5
DA:535,10
DA:536,1
DA:537,2
DA:565,3
DA:569,12
DA:572,3
DA:573,3
DA:574,3
DA:575,3
DA:576,3
DA:579,6
DA:580,1
DA:581,2
DA:588,14
DA:589,14
DA:590,28
DA:594,68
DA:595,12
DA:596,17
DA:598,15
DA:604,21
DA:606,9
DA:618,1
DA:619,2
DA:622,1
DA:624,1
DA:625,1
DA:628,2
DA:655,13
DA:657,13
DA:658,3
DA:662,26
DA:664,1
DA:675,1
DA:677,2
DA:684,1
DA:685,2
DA:692,13
DA:693,26
DA:696,11
DA:699,22
DA:700,22
DA:701,22
DA:702,22
DA:703,11
DA:706,10
DA:708,10
DA:724,1
DA:725,2
DA:732,22
DA:733,23
DA:735,1
DA:737,2
DA:778,40
DA:791,4
DA:818,5
DA:847,1
DA:855,1
DA:863,1
DA:870,1
LF:136
LH:134
end_of_record
SF:lib/src/devtool/service.dart
DA:44,52
DA:46,26
DA:68,26
DA:69,26
DA:70,26
DA:71,26
DA:79,1
DA:80,1
DA:81,1
DA:82,1
DA:94,26
DA:95,26
DA:96,26
DA:97,0
DA:99,0
DA:100,0
DA:101,0
DA:102,0
DA:104,0
DA:105,0
DA:113,26
DA:114,0
DA:116,0
DA:117,0
DA:119,0
DA:143,1
DA:144,1
DA:145,1
DA:147,2
DA:148,3
DA:149,1
DA:150,1
DA:151,1
DA:152,1
DA:153,1
DA:154,1
DA:155,2
DA:156,1
DA:157,2
DA:159,1
DA:161,1
DA:163,1
DA:185,1
DA:186,1
DA:187,1
DA:189,1
DA:191,3
DA:192,2
DA:193,2
DA:195,1
DA:201,1
DA:202,2
DA:203,3
DA:204,1
DA:205,1
DA:206,3
DA:209,1
DA:224,1
DA:225,2
DA:227,1
DA:228,3
DA:229,1
DA:230,1
DA:231,1
DA:232,1
DA:233,1
DA:234,1
DA:243,1
DA:244,1
DA:251,1
DA:252,1
DA:259,1
DA:260,1
LF:73
LH:62
end_of_record
SF:lib/src/log.dart
DA:42,26
DA:43,52
DA:44,30
LF:3
LH:3
end_of_record
SF:lib/src/devtool/tracker.dart
DA:43,78
DA:46,52
DA:48,26
DA:80,1
DA:81,1
DA:82,2
DA:83,2
DA:84,2
DA:106,1
DA:107,2
DA:108,3
DA:118,24
DA:119,25
DA:121,1
DA:123,2
DA:136,23
DA:138,23
DA:139,46
DA:141,69
DA:144,23
DA:145,33
DA:146,23
DA:150,92
DA:152,46
DA:154,23
DA:166,23
DA:168,23
DA:169,46
DA:172,92
DA:175,46
DA:177,69
DA:178,69
DA:182,46
DA:184,23
DA:196,21
DA:198,21
DA:199,42
DA:202,42
DA:204,21
DA:205,21
DA:206,42
DA:211,42
DA:213,42
DA:214,21
DA:215,63
DA:218,42
DA:219,21
DA:231,22
DA:233,22
DA:234,44
DA:237,44
DA:239,63
DA:241,21
DA:248,21
DA:249,0
DA:251,0
DA:252,0
DA:253,0
DA:259,44
DA:260,22
DA:277,24
DA:278,48
DA:279,24
DA:281,116
DA:283,64
DA:284,24
DA:294,1
DA:295,2
DA:296,2
DA:297,2
DA:298,1
DA:318,1
DA:319,2
DA:321,4
DA:323,4
DA:325,6
DA:326,1
DA:328,5
DA:329,1
DA:330,2
DA:332,1
DA:337,2
DA:386,23
DA:414,23
DA:424,23
DA:425,23
DA:426,23
DA:427,23
DA:428,23
DA:429,23
DA:430,0
DA:431,23
DA:432,23
DA:436,1
DA:438,4
DA:439,4
DA:466,1
DA:482,1
DA:483,2
DA:484,1
DA:486,2
DA:487,2
DA:488,2
DA:489,2
DA:490,2
DA:491,1
DA:509,1
DA:510,2
DA:512,4
DA:513,2
DA:514,1
DA:515,1
DA:569,1
DA:578,1
DA:582,1
DA:583,1
DA:584,1
DA:585,1
DA:586,1
DA:587,2
LF:120
LH:115
end_of_record
SF:lib/src/get_instance/store.dart
DA:59,10
DA:62,20
DA:63,30
DA:64,15
DA:66,15
DA:69,7
DA:71,14
DA:75,8
DA:76,17
DA:77,8
DA:78,24
DA:79,24
DA:80,8
DA:83,28
DA:95,24
DA:96,22
DA:97,22
DA:98,22
DA:100,22
DA:101,88
DA:102,22
DA:104,1
DA:109,24
DA:132,24
DA:133,50
DA:134,48
DA:135,48
DA:139,82
DA:140,34
DA:141,30
DA:143,11
DA:148,24
DA:149,16
DA:153,48
DA:155,24
DA:156,61
DA:157,26
DA:158,13
DA:161,24
DA:164,24
DA:165,24
DA:167,48
DA:168,48
DA:169,24
DA:184,1
DA:188,7
DA:189,1
DA:223,46
DA:235,24
DA:241,48
DA:251,24
DA:252,48
DA:253,48
DA:254,48
DA:255,72
DA:267,22
DA:268,44
DA:269,44
DA:270,66
DA:273,44
DA:274,22
DA:284,44
DA:291,22
DA:292,22
DA:293,22
DA:294,22
DA:297,6
DA:298,24
DA:299,12
DA:300,25
DA:303,12
DA:304,6
DA:317,1
DA:320,1
DA:321,4
DA:322,2
DA:323,1
DA:324,1
DA:325,1
DA:328,0
DA:330,0
DA:341,24
DA:342,48
DA:343,48
DA:345,48
DA:353,22
DA:354,44
DA:356,66
DA:358,8
DA:367,22
DA:368,22
DA:369,22
DA:475,26
DA:481,1
DA:484,1
DA:485,3
DA:486,3
DA:487,3
DA:488,3
DA:490,1
DA:491,8
DA:493,2
DA:495,8
DA:498,24
DA:503,24
DA:504,22
DA:505,24
DA:506,24
DA:510,1
DA:511,1
DA:512,1
DA:513,1
DA:514,1
DA:518,1
DA:519,1
DA:520,1
DA:521,1
DA:522,1
LF:118
LH:116
end_of_record
SF:lib/src/get_instance/auto_dispose.dart
DA:47,2
DA:67,22
DA:97,22
DA:100,22
DA:101,1
DA:103,0
DA:104,22
DA:105,44
DA:106,44
DA:109,44
DA:112,66
DA:113,44
DA:114,44
DA:115,42
DA:116,20
DA:117,20
DA:119,20
DA:121,0
DA:122,0
DA:127,22
DA:130,2
DA:131,4
DA:132,2
DA:133,4
DA:135,6
DA:136,2
DA:137,2
DA:138,1
DA:139,0
DA:140,0
DA:142,0
DA:144,0
DA:145,0
DA:151,6
DA:153,4
DA:162,2
DA:163,4
DA:164,4
DA:165,4
DA:184,5
DA:185,15
DA:186,10
DA:187,5
DA:199,2
DA:200,3
DA:201,2
DA:202,3
DA:224,20
DA:225,40
DA:226,40
DA:227,80
DA:229,60
DA:231,40
LF:53
LH:45
end_of_record
SF:lib/src/view_model/vef.dart
DA:191,24
DA:192,72
DA:195,22
DA:201,21
DA:202,21
DA:204,46
DA:206,46
DA:207,23
DA:233,15
DA:239,3
DA:245,3
DA:248,3
DA:249,2
DA:250,2
DA:251,6
DA:257,21
DA:258,21
DA:259,21
DA:260,21
DA:261,21
DA:262,21
DA:267,3
DA:278,24
DA:279,0
DA:281,48
DA:282,72
DA:303,4
DA:304,8
DA:305,4
DA:318,9
DA:322,18
DA:323,9
DA:329,5
DA:369,22
DA:372,22
DA:394,7
DA:398,7
DA:399,7
DA:433,10
DA:436,10
DA:457,5
DA:461,5
DA:462,5
DA:472,1
DA:473,2
DA:474,2
DA:475,1
DA:480,1
DA:481,2
DA:484,23
DA:491,23
DA:493,23
DA:494,4
DA:496,46
DA:497,1
DA:500,23
DA:502,8
DA:503,8
DA:504,8
DA:510,6
DA:518,22
DA:525,3
DA:526,3
DA:527,3
DA:545,22
DA:549,22
DA:550,0
DA:552,42
DA:553,22
DA:554,22
DA:555,22
DA:556,44
DA:557,22
DA:558,22
DA:562,22
DA:564,66
DA:566,22
DA:570,22
DA:588,23
DA:589,69
DA:590,46
DA:591,84
DA:592,15
DA:594,30
DA:595,2
DA:596,2
DA:597,4
DA:601,15
DA:624,5
DA:629,5
DA:639,1
DA:641,2
DA:646,17
DA:648,1
DA:649,2
DA:652,18
DA:653,36
DA:656,1
DA:657,2
DA:660,20
DA:662,20
DA:663,40
DA:664,40
DA:665,40
DA:666,40
DA:667,20
DA:671,2
DA:676,10
DA:679,1
DA:684,2
DA:685,3
DA:688,1
DA:694,2
DA:695,1
DA:696,2
DA:699,3
DA:702,3
DA:711,1
DA:714,2
DA:717,1
DA:720,2
DA:723,1
DA:728,2
DA:734,1
DA:739,2
DA:745,2
DA:750,4
DA:756,2
DA:761,4
DA:769,1
DA:772,2
DA:775,1
DA:778,2
DA:781,1
DA:786,2
DA:792,1
DA:797,2
DA:803,1
DA:808,2
DA:814,1
DA:819,2
DA:827,1
DA:830,2
DA:833,1
DA:836,2
DA:839,1
DA:844,2
DA:850,1
DA:855,2
DA:861,1
DA:866,2
DA:872,1
DA:877,2
LF:153
LH:151
end_of_record
SF:lib/src/view_model/state_store.dart
DA:44,12
DA:45,15
DA:55,15
DA:59,30
DA:63,14
DA:64,14
DA:70,2
DA:71,2
DA:77,12
DA:78,24
DA:85,15
DA:86,30
DA:97,14
DA:98,28
DA:99,26
DA:100,13
DA:101,13
DA:114,14
DA:115,28
DA:116,6
DA:126,13
DA:127,65
DA:138,14
DA:140,14
DA:199,1
DA:203,1
DA:206,1
DA:207,3
DA:208,3
DA:210,1
DA:211,2
DA:236,11
DA:238,1
DA:239,1
DA:240,3
DA:278,13
DA:280,1
DA:283,1
DA:284,3
DA:285,3
DA:286,3
DA:288,1
DA:289,5
DA:291,1
DA:293,2
DA:294,1
LF:46
LH:46
end_of_record
SF:lib/src/get_instance/manager.dart
DA:20,72
DA:38,24
DA:51,1
DA:55,2
DA:56,1
DA:63,48
DA:66,72
DA:80,24
DA:81,48
DA:82,24
DA:83,48
DA:99,10
DA:102,20
DA:105,1
DA:109,1
DA:136,24
DA:139,24
DA:140,1
DA:142,24
DA:143,20
DA:144,20
DA:146,20
DA:150,6
DA:155,4
DA:156,4
DA:158,8
DA:159,8
DA:161,8
DA:166,48
DA:172,3
DA:173,3
DA:174,0
DA:176,6
DA:221,24
DA:222,52
DA:234,1
DA:235,1
DA:236,1
DA:247,24
DA:262,23
DA:266,23
DA:267,23
DA:268,1
DA:272,1
DA:274,2
LF:45
LH:44
end_of_record
SF:lib/src/view_model/app_lifecycle_observer.dart
DA:25,36
DA:27,18
DA:28,36
DA:31,36
DA:32,18
DA:37,54
DA:40,3
DA:42,2
DA:44,4
DA:50,1
DA:51,2
DA:52,2
LF:12
LH:12
end_of_record
SF:lib/src/view_model/widget_mixin/stateful_extension.dart
DA:57,56
DA:58,28
DA:61,56
DA:62,28
DA:63,28
DA:64,56
DA:66,28
DA:68,28
DA:69,112
DA:70,56
DA:71,28
DA:72,52
DA:76,3
DA:78,28
DA:80,28
DA:81,56
DA:82,84
DA:83,84
DA:84,84
DA:87,28
DA:89,28
DA:90,56
DA:91,56
DA:92,56
DA:93,56
DA:96,16
DA:97,32
DA:98,32
DA:99,48
DA:101,32
DA:103,0
DA:104,0
DA:105,0
LF:33
LH:30
end_of_record
SF:lib/src/view_model/builder.dart
DA:16,1
DA:18,1
DA:20,1
DA:30,1
DA:32,7
DA:46,1
DA:53,1
DA:55,1
DA:61,1
DA:63,2
DA:64,2
DA:65,2
DA:68,3
LF:13
LH:13
end_of_record
SF:lib/src/view_model/config.dart
DA:61,29
LF:1
LH:1
end_of_record
SF:lib/src/view_model/pause_aware.dart
DA:27,20
DA:32,1
DA:33,40
DA:34,20
DA:40,3
DA:50,28
DA:56,20
DA:57,21
DA:58,1
DA:62,17
DA:63,34
DA:65,49
DA:66,15
DA:68,34
DA:71,17
DA:72,34
DA:73,34
DA:74,17
DA:77,2
DA:78,4
DA:79,4
DA:80,2
DA:81,4
DA:82,2
DA:87,15
DA:91,30
DA:92,15
DA:100,15
DA:102,60
DA:103,30
DA:104,3
DA:105,3
DA:110,3
DA:111,3
DA:112,6
DA:114,6
DA:119,19
DA:120,55
DA:121,17
DA:123,38
DA:124,19
DA:125,0
DA:127,38
LF:43
LH:42
end_of_record
SF:lib/src/view_model/pause_provider.dart
DA:17,15
DA:18,51
DA:20,45
DA:22,90
DA:25,45
DA:33,17
DA:34,69
DA:35,1
DA:36,0
DA:37,1
DA:38,2
DA:43,17
DA:44,34
DA:46,17
DA:48,17
DA:49,34
DA:50,17
DA:51,34
DA:63,14
DA:64,28
DA:65,14
DA:66,14
DA:67,28
DA:68,14
DA:71,14
DA:72,28
DA:75,14
DA:77,2
DA:81,14
DA:83,14
DA:84,42
DA:85,14
DA:96,14
DA:103,14
DA:104,28
DA:105,28
DA:106,28
DA:107,28
DA:111,14
DA:112,28
DA:113,14
DA:114,28
DA:117,14
DA:118,28
DA:120,14
DA:122,14
DA:123,28
DA:126,14
DA:131,0
DA:135,0
DA:138,1
DA:142,1
DA:145,1
DA:149,1
LF:54
LH:51
end_of_record
SF:lib/src/view_model/provider.dart
DA:13,16
DA:23,16
DA:24,16
DA:29,1
DA:30,1
DA:34,1
DA:35,1
DA:38,16
DA:40,16
DA:41,2
DA:44,16
DA:45,13
DA:47,11
DA:51,16
DA:53,16
DA:54,2
DA:56,16
DA:59,16
DA:61,16
DA:62,2
DA:64,32
DA:67,14
DA:69,14
DA:70,2
DA:72,14
DA:78,2
DA:84,2
DA:93,2
DA:99,2
DA:108,2
DA:115,2
DA:124,2
DA:131,2
DA:143,2
DA:172,1
DA:173,1
DA:177,1
DA:178,1
DA:183,2
DA:184,2
DA:185,2
DA:186,6
DA:187,4
DA:188,4
DA:189,4
DA:195,2
DA:217,1
DA:218,1
DA:222,1
DA:223,1
DA:226,2
DA:227,2
DA:228,2
DA:229,6
DA:230,4
DA:231,4
DA:232,4
DA:238,2
DA:260,1
DA:261,1
DA:265,1
DA:266,1
DA:269,2
DA:270,2
DA:271,2
DA:272,6
DA:273,4
DA:274,4
DA:275,4
DA:281,2
DA:303,1
DA:304,1
DA:308,1
DA:309,1
DA:312,2
DA:313,2
DA:314,2
DA:315,6
DA:316,4
DA:317,4
DA:318,4
LF:81
LH:81
end_of_record
SF:lib/src/view_model/util.dart
DA:10,0
DA:11,0
DA:27,22
DA:31,22
DA:32,22
DA:35,44
DA:42,22
DA:44,44
DA:45,22
DA:46,22
DA:47,22
DA:48,22
DA:49,22
DA:50,22
DA:51,22
DA:60,44
DA:61,22
DA:62,22
DA:65,44
DA:66,44
DA:69,0
DA:72,22
LF:22
LH:19
end_of_record
SF:lib/src/view_model/value_observer.dart
DA:22,1
DA:23,2
DA:29,1
DA:31,2
DA:38,1
DA:39,1
DA:40,3
DA:41,1
DA:42,1
DA:43,1
DA:44,1
DA:45,1
DA:46,1
DA:48,2
DA:57,1
DA:62,1
DA:64,2
DA:67,0
DA:69,0
DA:74,1
DA:85,1
DA:89,1
DA:91,1
DA:93,1
DA:102,1
DA:106,3
DA:107,1
DA:108,1
DA:109,3
DA:111,1
DA:126,1
DA:131,1
DA:133,1
DA:135,1
DA:145,1
DA:149,3
DA:150,1
DA:151,1
DA:152,3
DA:154,1
DA:155,1
DA:156,1
DA:157,3
DA:159,1
DA:175,1
DA:181,1
DA:183,1
DA:185,1
DA:195,1
DA:199,3
DA:200,1
DA:201,1
DA:202,3
DA:204,1
DA:205,1
DA:206,1
DA:207,3
DA:209,1
DA:210,1
DA:211,1
DA:212,3
DA:214,1
LF:62
LH:60
end_of_record
SF:lib/src/view_model/value_watcher.dart
DA:38,1
DA:43,1
DA:45,1
DA:47,1
DA:54,1
DA:56,1
DA:57,1
DA:60,1
DA:61,1
DA:62,2
DA:63,3
DA:65,2
DA:67,0
DA:68,0
DA:69,0
DA:75,1
DA:77,1
DA:78,1
DA:79,1
DA:82,1
DA:83,3
DA:84,2
DA:85,3
DA:87,1
DA:88,1
DA:95,1
DA:96,2
DA:97,1
DA:99,2
DA:102,1
DA:104,6
DA:107,1
DA:109,1
DA:110,1
DA:111,1
LF:35
LH:32
end_of_record
SF:lib/src/view_model/vef_zone.dart
DA:21,20
DA:22,40
DA:52,29
DA:63,21
DA:67,42
DA:68,42
DA:72,20
DA:76,40
DA:83,22
DA:84,44
DA:87,6
DA:88,20
DA:90,2
LF:13
LH:13
end_of_record
SF:lib/src/view_model/widget_mixin/stateless_extension.dart
DA:13,7
DA:14,7
DA:22,4
DA:24,7
DA:25,14
DA:30,7
DA:32,7
DA:35,1
DA:37,3
DA:46,10
DA:47,5
DA:50,10
DA:52,5
DA:55,5
DA:57,5
DA:58,10
DA:59,15
DA:62,3
DA:63,3
DA:64,3
DA:65,9
DA:67,3
DA:69,0
DA:70,0
DA:71,0
DA:78,5
DA:80,5
DA:81,10
DA:82,10
LF:29
LH:26
end_of_record
SF:lib/src/view_model/widget_mixin/vef.dart
DA:32,16
DA:36,10
DA:38,10
DA:39,20
LF:4
LH:4
end_of_record
